TN:
SF:projects/lib/src/lib/internal/instances/instances.ts
FNF:0
FNH:0
DA:3,1
LF:1
LH:1
BRF:0
BRH:0
end_of_record
TN:
SF:projects/lib/src/lib/internal/registry/registry.ts
FN:17,(anonymous_0)
FN:22,(anonymous_1)
FN:33,(anonymous_2)
FN:39,(anonymous_3)
FN:43,(anonymous_4)
FN:53,(anonymous_5)
FN:63,(anonymous_6)
FN:71,(anonymous_7)
FN:75,(anonymous_8)
FN:79,(anonymous_9)
FN:91,(anonymous_10)
FN:96,prepareRequest
FN:97,(anonymous_12)
FN:148,isApplicable
FNF:14
FNH:5
FNDA:1,(anonymous_0)
FNDA:5,(anonymous_1)
FNDA:1,(anonymous_2)
FNDA:0,(anonymous_3)
FNDA:0,(anonymous_4)
FNDA:0,(anonymous_5)
FNDA:0,(anonymous_6)
FNDA:0,(anonymous_7)
FNDA:0,(anonymous_8)
FNDA:6,(anonymous_9)
FNDA:0,(anonymous_10)
FNDA:5,prepareRequest
FNDA:0,(anonymous_12)
FNDA:0,isApplicable
DA:18,1
DA:20,1
DA:23,5
DA:24,5
DA:25,5
DA:26,5
DA:27,5
DA:28,5
DA:30,5
DA:34,1
DA:35,1
DA:36,1
DA:40,0
DA:44,0
DA:46,0
DA:47,0
DA:50,0
DA:54,0
DA:56,0
DA:57,0
DA:60,0
DA:64,0
DA:65,0
DA:68,0
DA:72,0
DA:76,0
DA:80,6
DA:81,6
DA:83,6
DA:84,1
DA:85,1
DA:88,6
DA:92,0
DA:97,5
DA:98,0
DA:99,0
DA:102,0
DA:103,0
DA:114,0
DA:115,0
DA:117,0
DA:118,0
DA:122,0
DA:123,0
DA:126,0
DA:127,0
DA:128,0
DA:132,0
DA:136,0
DA:138,0
DA:139,0
DA:140,0
DA:144,0
DA:149,0
DA:150,0
DA:153,0
DA:154,0
DA:157,1
LF:58
LH:20
BRDA:46,0,0,0
BRDA:56,1,0,0
BRDA:56,2,0,0
BRDA:56,2,1,0
BRDA:64,3,0,0
BRDA:64,4,0,0
BRDA:64,4,1,0
BRDA:83,5,0,1
BRDA:98,6,0,0
BRDA:114,7,0,0
BRDA:115,8,0,0
BRDA:115,8,1,0
BRDA:117,9,0,0
BRDA:117,10,0,0
BRDA:117,10,1,0
BRDA:122,11,0,0
BRDA:127,12,0,0
BRDA:132,13,0,0
BRDA:132,13,1,0
BRDA:139,14,0,0
BRDA:149,15,0,0
BRDA:153,16,0,0
BRDA:153,16,1,0
BRF:23
BRH:1
end_of_record
TN:
SF:projects/lib/src/lib/internal/rest-client/rest-client.service.ts
FN:12,(anonymous_0)
FN:15,(anonymous_1)
FN:35,(anonymous_2)
FN:39,(anonymous_3)
FNF:4
FNH:4
FNDA:2,(anonymous_0)
FNDA:2,(anonymous_1)
FNDA:2,(anonymous_2)
FNDA:2,(anonymous_3)
DA:11,1
DA:12,2
DA:16,2
DA:17,2
DA:18,2
DA:20,2
DA:36,2
DA:40,2
DA:41,1
DA:48,1
LF:10
LH:10
BRDA:36,0,0,0
BRDA:36,0,1,2
BRDA:40,1,0,1
BRDA:40,2,0,2
BRDA:40,2,1,2
BRDA:40,2,2,1
BRDA:41,3,0,0
BRDA:41,3,1,1
BRDA:43,4,0,1
BRDA:43,4,1,0
BRF:10
BRH:7
end_of_record
TN:
SF:projects/lib/src/lib/internal/uid/uid.ts
FN:4,UID
FNF:1
FNH:1
FNDA:11,UID
DA:1,1
DA:2,1
DA:5,11
DA:6,5
DA:13,11
LF:5
LH:5
BRDA:5,0,0,5
BRF:1
BRH:1
end_of_record
TN:
SF:projects/lib/src/lib/public/decorators/after-request.ts
FN:4,AfterRequest
FN:5,(anonymous_1)
FNF:2
FNH:0
FNDA:0,AfterRequest
FNDA:0,(anonymous_1)
DA:5,0
DA:6,0
LF:2
LH:0
BRDA:4,0,0,0
BRF:1
BRH:0
end_of_record
TN:
SF:projects/lib/src/lib/public/decorators/before-request.ts
FN:4,BeforeRequest
FN:5,(anonymous_1)
FNF:2
FNH:0
FNDA:0,BeforeRequest
FNDA:0,(anonymous_1)
DA:5,0
DA:6,0
LF:2
LH:0
BRDA:4,0,0,0
BRF:1
BRH:0
end_of_record
TN:
SF:projects/lib/src/lib/public/decorators/delete.ts
FN:4,DELETE
FN:5,(anonymous_1)
FNF:2
FNH:2
FNDA:1,DELETE
FNDA:1,(anonymous_1)
DA:5,1
DA:6,1
LF:2
LH:2
BRDA:4,0,0,1
BRF:1
BRH:1
end_of_record
TN:
SF:projects/lib/src/lib/public/decorators/get.ts
FN:4,GET
FN:5,(anonymous_1)
FNF:2
FNH:2
FNDA:1,GET
FNDA:1,(anonymous_1)
DA:5,1
DA:6,1
LF:2
LH:2
BRDA:4,0,0,1
BRF:1
BRH:1
end_of_record
TN:
SF:projects/lib/src/lib/public/decorators/patch.ts
FN:4,PATCH
FN:5,(anonymous_1)
FNF:2
FNH:2
FNDA:1,PATCH
FNDA:1,(anonymous_1)
DA:5,1
DA:6,1
LF:2
LH:2
BRDA:4,0,0,1
BRF:1
BRH:1
end_of_record
TN:
SF:projects/lib/src/lib/public/decorators/post.ts
FN:4,POST
FN:5,(anonymous_1)
FNF:2
FNH:2
FNDA:1,POST
FNDA:1,(anonymous_1)
DA:5,1
DA:6,1
LF:2
LH:2
BRDA:4,0,0,1
BRF:1
BRH:1
end_of_record
TN:
SF:projects/lib/src/lib/public/decorators/put.ts
FN:4,PUT
FN:5,(anonymous_1)
FNF:2
FNH:2
FNDA:1,PUT
FNDA:1,(anonymous_1)
DA:5,1
DA:6,1
LF:2
LH:2
BRDA:4,0,0,1
BRF:1
BRH:1
end_of_record
TN:
SF:projects/lib/src/lib/public/decorators/rest-client.ts
FN:4,RestClient
FN:5,(anonymous_1)
FNF:2
FNH:2
FNDA:1,RestClient
FNDA:1,(anonymous_1)
DA:5,1
DA:6,1
LF:2
LH:2
BRDA:4,0,0,0
BRF:1
BRH:0
end_of_record
TN:
SF:projects/lib/src/lib/public/models/class-descriptor.ts
FN:17,(anonymous_0)
FNF:1
FNH:1
FNDA:1,(anonymous_0)
DA:10,1
DA:11,1
DA:12,1
DA:13,1
DA:17,1
LF:5
LH:5
BRF:0
BRH:0
end_of_record
TN:
SF:projects/lib/src/lib/public/models/method-descriptor.ts
FN:8,(anonymous_0)
FNF:1
FNH:1
FNDA:5,(anonymous_0)
DA:8,5
LF:1
LH:1
BRF:0
BRH:0
end_of_record
TN:
SF:projects/lib/src/lib/public/models/request-options.ts
FN:7,(anonymous_0)
FNF:1
FNH:1
FNDA:1,(anonymous_0)
DA:7,1
DA:8,1
DA:9,1
LF:3
LH:3
BRDA:7,0,0,1
BRDA:7,0,1,1
BRF:2
BRH:2
end_of_record
TN:
SF:projects/lib/src/lib/public/url-parser/url-parser.ts
FN:7,(anonymous_0)
FN:10,(anonymous_1)
FN:13,(anonymous_2)
FN:23,(anonymous_3)
FNF:4
FNH:4
FNDA:14,(anonymous_0)
FNDA:7,(anonymous_1)
FNDA:7,(anonymous_2)
FNDA:14,(anonymous_3)
DA:3,1
DA:4,1
DA:5,1
DA:8,14
DA:10,7
DA:14,7
DA:16,7
DA:17,0
DA:20,7
DA:24,14
DA:25,12
DA:28,2
LF:12
LH:11
BRDA:16,0,0,0
BRDA:16,1,0,7
BRDA:16,1,1,7
BRDA:24,2,0,12
BRDA:24,3,0,14
BRDA:24,3,1,13
BRF:6
BRH:5
end_of_record
