TN:
SF:projects/lib/src/lib/internal/instances/instances.ts
FNF:0
FNH:0
DA:3,1
LF:1
LH:1
BRF:0
BRH:0
end_of_record
TN:
SF:projects/lib/src/lib/internal/registry/registry.ts
FN:17,(anonymous_0)
FN:26,(anonymous_1)
FN:38,(anonymous_2)
FN:45,(anonymous_3)
FN:55,(anonymous_4)
FN:58,(anonymous_5)
FN:61,(anonymous_6)
FN:22,(anonymous_7)
FN:75,prepareRequest
FN:77,(anonymous_9)
FN:128,isApplicable
FNF:11
FNH:5
FNDA:1,(anonymous_0)
FNDA:5,(anonymous_1)
FNDA:1,(anonymous_2)
FNDA:0,(anonymous_3)
FNDA:0,(anonymous_4)
FNDA:0,(anonymous_5)
FNDA:6,(anonymous_6)
FNDA:0,(anonymous_7)
FNDA:5,prepareRequest
FNDA:0,(anonymous_9)
FNDA:0,isApplicable
DA:18,1
DA:20,1
DA:23,0
DA:26,1
DA:27,5
DA:28,5
DA:30,5
DA:31,5
DA:32,5
DA:33,5
DA:35,5
DA:38,1
DA:39,1
DA:41,1
DA:42,1
DA:45,1
DA:46,0
DA:48,0
DA:49,0
DA:52,0
DA:55,1
DA:56,0
DA:58,1
DA:59,0
DA:61,1
DA:62,6
DA:64,6
DA:66,6
DA:67,1
DA:68,1
DA:71,6
DA:77,5
DA:78,0
DA:79,0
DA:82,0
DA:83,0
DA:94,0
DA:95,0
DA:97,0
DA:98,0
DA:102,0
DA:103,0
DA:106,0
DA:107,0
DA:108,0
DA:112,0
DA:116,0
DA:118,0
DA:119,0
DA:120,0
DA:124,0
DA:129,0
DA:130,0
DA:133,0
DA:135,0
DA:138,1
LF:56
LH:26
BRDA:48,0,0,0
BRDA:48,1,0,0
BRDA:48,1,1,0
BRDA:66,2,0,1
BRDA:78,3,0,0
BRDA:94,4,0,0
BRDA:95,5,0,0
BRDA:95,5,1,0
BRDA:97,6,0,0
BRDA:97,7,0,0
BRDA:97,7,1,0
BRDA:102,8,0,0
BRDA:107,9,0,0
BRDA:112,10,0,0
BRDA:112,10,1,0
BRDA:119,11,0,0
BRDA:129,12,0,0
BRDA:133,13,0,0
BRDA:133,13,1,0
BRF:19
BRH:1
end_of_record
TN:
SF:projects/lib/src/lib/internal/rest-client/rest-client.service.ts
FN:10,(anonymous_0)
FN:13,(anonymous_1)
FN:33,(anonymous_2)
FN:37,(anonymous_3)
FNF:4
FNH:4
FNDA:2,(anonymous_0)
FNDA:2,(anonymous_1)
FNDA:2,(anonymous_2)
FNDA:2,(anonymous_3)
DA:9,1
DA:10,2
DA:13,2
DA:14,2
DA:15,2
DA:16,2
DA:18,2
DA:33,2
DA:34,2
DA:37,2
DA:38,2
DA:39,1
DA:46,1
LF:13
LH:13
BRDA:34,0,0,0
BRDA:34,0,1,2
BRDA:38,1,0,1
BRDA:38,2,0,2
BRDA:38,2,1,2
BRDA:38,2,2,1
BRDA:39,3,0,0
BRDA:39,3,1,1
BRDA:41,4,0,1
BRDA:41,4,1,0
BRF:10
BRH:7
end_of_record
TN:
SF:projects/lib/src/lib/internal/uid/uid.ts
FN:4,UID
FNF:1
FNH:1
FNDA:11,UID
DA:1,1
DA:2,1
DA:5,11
DA:6,5
DA:13,11
LF:5
LH:5
BRDA:5,0,0,5
BRF:1
BRH:1
end_of_record
TN:
SF:projects/lib/src/lib/public/decorators/after-request.ts
FN:4,AfterRequest
FN:5,(anonymous_1)
FNF:2
FNH:0
FNDA:0,AfterRequest
FNDA:0,(anonymous_1)
DA:5,0
DA:6,0
LF:2
LH:0
BRDA:4,0,0,0
BRF:1
BRH:0
end_of_record
TN:
SF:projects/lib/src/lib/public/decorators/before-request.ts
FN:4,BeforeRequest
FN:5,(anonymous_1)
FNF:2
FNH:0
FNDA:0,BeforeRequest
FNDA:0,(anonymous_1)
DA:5,0
DA:6,0
LF:2
LH:0
BRDA:4,0,0,0
BRF:1
BRH:0
end_of_record
TN:
SF:projects/lib/src/lib/public/decorators/delete.ts
FN:4,DELETE
FN:5,(anonymous_1)
FNF:2
FNH:2
FNDA:1,DELETE
FNDA:1,(anonymous_1)
DA:5,1
DA:6,1
LF:2
LH:2
BRDA:4,0,0,1
BRF:1
BRH:1
end_of_record
TN:
SF:projects/lib/src/lib/public/decorators/get.ts
FN:4,GET
FN:5,(anonymous_1)
FNF:2
FNH:2
FNDA:1,GET
FNDA:1,(anonymous_1)
DA:5,1
DA:6,1
LF:2
LH:2
BRDA:4,0,0,1
BRF:1
BRH:1
end_of_record
TN:
SF:projects/lib/src/lib/public/decorators/patch.ts
FN:4,PATCH
FN:5,(anonymous_1)
FNF:2
FNH:2
FNDA:1,PATCH
FNDA:1,(anonymous_1)
DA:5,1
DA:6,1
LF:2
LH:2
BRDA:4,0,0,1
BRF:1
BRH:1
end_of_record
TN:
SF:projects/lib/src/lib/public/decorators/post.ts
FN:4,POST
FN:5,(anonymous_1)
FNF:2
FNH:2
FNDA:1,POST
FNDA:1,(anonymous_1)
DA:5,1
DA:6,1
LF:2
LH:2
BRDA:4,0,0,1
BRF:1
BRH:1
end_of_record
TN:
SF:projects/lib/src/lib/public/decorators/put.ts
FN:4,PUT
FN:5,(anonymous_1)
FNF:2
FNH:2
FNDA:1,PUT
FNDA:1,(anonymous_1)
DA:5,1
DA:6,1
LF:2
LH:2
BRDA:4,0,0,1
BRF:1
BRH:1
end_of_record
TN:
SF:projects/lib/src/lib/public/decorators/rest-client.ts
FN:4,RestClient
FN:5,(anonymous_1)
FNF:2
FNH:2
FNDA:1,RestClient
FNDA:1,(anonymous_1)
DA:5,1
DA:6,1
LF:2
LH:2
BRDA:4,0,0,0
BRF:1
BRH:0
end_of_record
TN:
SF:projects/lib/src/lib/public/models/class-descriptor.ts
FN:17,(anonymous_0)
FNF:1
FNH:1
FNDA:1,(anonymous_0)
DA:10,1
DA:11,1
DA:12,1
DA:13,1
DA:17,1
DA:18,1
LF:6
LH:6
BRF:0
BRH:0
end_of_record
TN:
SF:projects/lib/src/lib/public/models/method-descriptor.ts
FN:8,(anonymous_0)
FNF:1
FNH:1
FNDA:5,(anonymous_0)
DA:8,5
LF:1
LH:1
BRF:0
BRH:0
end_of_record
TN:
SF:projects/lib/src/lib/public/models/request-options.ts
FN:7,(anonymous_0)
FNF:1
FNH:1
FNDA:1,(anonymous_0)
DA:7,1
DA:8,1
DA:9,1
LF:3
LH:3
BRDA:7,0,0,1
BRDA:7,0,1,1
BRF:2
BRH:2
end_of_record
TN:
SF:projects/lib/src/lib/public/url-parser/url-parser.ts
FN:7,(anonymous_0)
FN:10,(anonymous_1)
FN:13,(anonymous_2)
FN:23,(anonymous_3)
FNF:4
FNH:4
FNDA:14,(anonymous_0)
FNDA:7,(anonymous_1)
FNDA:7,(anonymous_2)
FNDA:14,(anonymous_3)
DA:3,1
DA:4,1
DA:5,1
DA:7,1
DA:8,14
DA:10,7
DA:13,1
DA:14,7
DA:16,7
DA:17,0
DA:20,7
DA:23,1
DA:24,14
DA:25,12
DA:28,2
LF:15
LH:14
BRDA:16,0,0,0
BRDA:16,1,0,7
BRDA:16,1,1,7
BRDA:24,2,0,12
BRDA:24,3,0,14
BRDA:24,3,1,13
BRF:6
BRH:5
end_of_record
